<?xml version="1.0" encoding="UTF-8"?>
<!-- Generated by org.testng.reporters.JUnitReportReporter -->
<testsuite skipped="0" hostname="ML-VenkatG-PC" name="practice.practice.Base" tests="1" failures="0" timestamp="2020-02-18T16:09:37 IST" time="9.636" errors="0">
  <testcase name="test1" time="9.636" classname="practice.practice.Base"/>
</testsuite> <!-- practice.practice.Base -->
